0 info it worked if it ends with ok
1 verbose cli [ '/usr/bin/node', '/usr/bin/npm', 'run', 'publish' ]
2 info using npm@3.5.2
3 info using node@v8.10.0
4 verbose run-script [ 'prepublish', 'publish', 'postpublish' ]
5 info lifecycle electron-updater-example@0.7.2~prepublish: electron-updater-example@0.7.2
6 silly lifecycle electron-updater-example@0.7.2~prepublish: no script for prepublish, continuing
7 info lifecycle electron-updater-example@0.7.2~publish: electron-updater-example@0.7.2
8 verbose lifecycle electron-updater-example@0.7.2~publish: unsafe-perm in lifecycle true
9 verbose lifecycle electron-updater-example@0.7.2~publish: PATH: /usr/share/npm/bin/node-gyp-bin:/home/vijay/Electron_git/sample_9/node_modules/.bin:/usr/local/sbin:/usr/local/bin:/usr/sbin:/usr/bin:/sbin:/bin:/usr/games:/usr/local/games:/snap/bin
10 verbose lifecycle electron-updater-example@0.7.2~publish: CWD: /home/vijay/Electron_git/sample_9
11 silly lifecycle electron-updater-example@0.7.2~publish: Args: [ '-c', 'build -p always' ]
12 silly lifecycle electron-updater-example@0.7.2~publish: Returned: code: 1  signal: null
13 info lifecycle electron-updater-example@0.7.2~publish: Failed to exec publish script
14 verbose stack Error: electron-updater-example@0.7.2 publish: `build -p always`
14 verbose stack Exit status 1
14 verbose stack     at EventEmitter.<anonymous> (/usr/share/npm/lib/utils/lifecycle.js:232:16)
14 verbose stack     at emitTwo (events.js:126:13)
14 verbose stack     at EventEmitter.emit (events.js:214:7)
14 verbose stack     at ChildProcess.<anonymous> (/usr/share/npm/lib/utils/spawn.js:24:14)
14 verbose stack     at emitTwo (events.js:126:13)
14 verbose stack     at ChildProcess.emit (events.js:214:7)
14 verbose stack     at maybeClose (internal/child_process.js:925:16)
14 verbose stack     at Process.ChildProcess._handle.onexit (internal/child_process.js:209:5)
15 verbose pkgid electron-updater-example@0.7.2
16 verbose cwd /home/vijay/Electron_git/sample_9
17 error Linux 4.15.0-45-generic
18 error argv "/usr/bin/node" "/usr/bin/npm" "run" "publish"
19 error node v8.10.0
20 error npm  v3.5.2
21 error code ELIFECYCLE
22 error electron-updater-example@0.7.2 publish: `build -p always`
22 error Exit status 1
23 error Failed at the electron-updater-example@0.7.2 publish script 'build -p always'.
23 error Make sure you have the latest version of node.js and npm installed.
23 error If you do, this is most likely a problem with the electron-updater-example package,
23 error not with npm itself.
23 error Tell the author that this fails on your system:
23 error     build -p always
23 error You can get information on how to open an issue for this project with:
23 error     npm bugs electron-updater-example
23 error Or if that isn't available, you can get their info via:
23 error     npm owner ls electron-updater-example
23 error There is likely additional logging output above.
24 verbose exit [ 1, true ]
